<?xml version="1.0" encoding="UTF-8"?>
<!-- Generated by org.testng.reporters.JUnitReportReporter -->
<testsuite hostname="Zafrins-MacBook-Air.local" failures="0" tests="2" name="WebDriverNavigationCommands.NavigateToCommand" time="12.688" errors="0" timestamp="2025-04-22T01:08:42 BDT" skipped="0">
  <testcase classname="WebDriverNavigationCommands.NavigateToCommand" name="OpenUrl" time="2.546"/>
  <testcase classname="WebDriverNavigationCommands.NavigateToCommand" name="goBack" time="10.142"/>
</testsuite> <!-- WebDriverNavigationCommands.NavigateToCommand -->
