<?xml version="1.0" encoding="UTF-8"?>
<!-- Generated by org.testng.reporters.JUnitReportReporter -->
<testsuite hostname="Zafrins-MacBook-Air.local" failures="0" tests="2" name="RadioButtonExamples.SingleRadioButton" time="6.773" errors="0" timestamp="2025-04-22T14:43:06 BDT" skipped="0">
  <testcase classname="RadioButtonExamples.SingleRadioButton" name="OpenUrl" time="1.706"/>
  <testcase classname="RadioButtonExamples.SingleRadioButton" name="RadioButton" time="5.067"/>
</testsuite> <!-- RadioButtonExamples.SingleRadioButton -->
