<?xml version="1.0" encoding="UTF-8"?>
<!-- Generated by org.testng.reporters.JUnitReportReporter -->
<testsuite hostname="Zafrins-MacBook-Air.local" failures="0" tests="2" name="WebDriverNavigationCommands.BackCommand" time="6.817" errors="0" timestamp="2025-04-22T00:56:36 BDT" skipped="0">
  <testcase classname="WebDriverNavigationCommands.BackCommand" name="OpenUrl" time="2.670"/>
  <testcase classname="WebDriverNavigationCommands.BackCommand" name="goBack" time="4.147"/>
</testsuite> <!-- WebDriverNavigationCommands.BackCommand -->
