<?xml version="1.0" encoding="UTF-8"?>
<!-- Generated by org.testng.reporters.JUnitReportReporter -->
<testsuite hostname="Zafrins-MacBook-Air.local" failures="0" tests="2" name="CheckBoxExamples.SelectCheckboxByXpath" time="2.336" errors="0" timestamp="2025-04-22T20:59:00 BDT" skipped="0">
  <testcase classname="CheckBoxExamples.SelectCheckboxByXpath" name="OpenUrl" time="1.775"/>
  <testcase classname="CheckBoxExamples.SelectCheckboxByXpath" name="CheckboxByXpath" time="0.561"/>
</testsuite> <!-- CheckBoxExamples.SelectCheckboxByXpath -->
