<?xml version="1.0" encoding="UTF-8"?>
<!-- Generated by org.testng.reporters.JUnitReportReporter -->
<testsuite hostname="Zafrins-MacBook-Air.local" failures="0" tests="2" name="WebDriver_Browser_Commands.RetrieveTextByGetTextMethod" time="7.576" errors="0" timestamp="2025-04-22T00:38:23 BDT" skipped="0">
  <testcase classname="WebDriver_Browser_Commands.RetrieveTextByGetTextMethod" name="OpenUrl" time="2.527"/>
  <testcase classname="WebDriver_Browser_Commands.RetrieveTextByGetTextMethod" name="getTextMethod" time="5.049"/>
</testsuite> <!-- WebDriver_Browser_Commands.RetrieveTextByGetTextMethod -->
