<?xml version="1.0" encoding="UTF-8"?>
<!-- Generated by org.testng.reporters.JUnitReportReporter -->
<testsuite hostname="Zafrins-MacBook-Air.local" failures="0" tests="2" name="WebDriver_Browser_Commands.RetrieveCurrentURLOfCurrentWebPage" time="7.986" errors="0" timestamp="2025-04-22T00:27:08 BDT" skipped="0">
  <testcase classname="WebDriver_Browser_Commands.RetrieveCurrentURLOfCurrentWebPage" name="OpenUrl" time="2.976"/>
  <testcase classname="WebDriver_Browser_Commands.RetrieveCurrentURLOfCurrentWebPage" name="FetchURL" time="5.010"/>
</testsuite> <!-- WebDriver_Browser_Commands.RetrieveCurrentURLOfCurrentWebPage -->
