<?xml version="1.0" encoding="UTF-8"?>
<!-- Generated by org.testng.reporters.JUnitReportReporter -->
<testsuite hostname="Zafrins-MacBook-Air.local" failures="0" tests="2" name="WebDriver_Browser_Commands.RetrieveTitleOfCurrentWebPage" time="7.920" errors="0" timestamp="2025-04-22T00:23:58 BDT" skipped="0">
  <testcase classname="WebDriver_Browser_Commands.RetrieveTitleOfCurrentWebPage" name="OpenUrl" time="2.909"/>
  <testcase classname="WebDriver_Browser_Commands.RetrieveTitleOfCurrentWebPage" name="FetchTitle" time="5.011"/>
</testsuite> <!-- WebDriver_Browser_Commands.RetrieveTitleOfCurrentWebPage -->
