<?xml version="1.0" encoding="UTF-8"?>
<!-- Generated by org.testng.reporters.JUnitReportReporter -->
<testsuite hostname="Zafrins-MacBook-Air.local" failures="0" tests="2" name="WebDriverNavigationCommands.ForwardCommand" time="8.734" errors="0" timestamp="2025-04-22T00:59:34 BDT" skipped="0">
  <testcase classname="WebDriverNavigationCommands.ForwardCommand" name="OpenUrl" time="2.520"/>
  <testcase classname="WebDriverNavigationCommands.ForwardCommand" name="goBack" time="6.214"/>
</testsuite> <!-- WebDriverNavigationCommands.ForwardCommand -->
