<?xml version="1.0" encoding="UTF-8"?>
<!-- Generated by org.testng.reporters.JUnitReportReporter -->
<testsuite hostname="Zafrins-MacBook-Air.local" failures="0" tests="2" name="CheckBoxExamples.SelectCheckboxByID" time="2.294" errors="0" timestamp="2025-04-22T20:48:05 BDT" skipped="0">
  <testcase classname="CheckBoxExamples.SelectCheckboxByID" name="OpenUrl" time="1.721"/>
  <testcase classname="CheckBoxExamples.SelectCheckboxByID" name="CheckboxById" time="0.573"/>
</testsuite> <!-- CheckBoxExamples.SelectCheckboxByID -->
