<?xml version="1.0" encoding="UTF-8"?>
<!-- Generated by org.testng.reporters.JUnitReportReporter -->
<testsuite hostname="Zafrins-MacBook-Air.local" failures="0" tests="2" name="WebDriverNavigationCommands.RefreshCommand" time="9.511" errors="0" timestamp="2025-04-22T01:03:08 BDT" skipped="0">
  <testcase classname="WebDriverNavigationCommands.RefreshCommand" name="OpenUrl" time="2.761"/>
  <testcase classname="WebDriverNavigationCommands.RefreshCommand" name="goRefresh" time="6.750"/>
</testsuite> <!-- WebDriverNavigationCommands.RefreshCommand -->
